2024-07-06 14:10:34.384 +00:00 INFO  XOutput.Tools.DependencyEmbedder.CurrentDomain_AssemblyResolve: Loading SharpDX.DirectInput.dll from embedded resources
2024-07-06 14:10:34.384 +00:00 INFO  XOutput.Tools.DependencyEmbedder.CurrentDomain_AssemblyResolve: Loading SharpDX.dll from embedded resources
2024-07-06 14:10:34.416 +00:00 INFO  XOutput.UI.Windows.MainWindow..ctor: Starting XOutput in normal window
2024-07-06 14:10:34.463 +00:00 INFO  XOutput.Tools.DependencyEmbedder.CurrentDomain_AssemblyResolve: Loading Hardcodet.Wpf.TaskbarNotification.dll from embedded resources
2024-07-06 14:10:34.588 +00:00 INFO  XOutput.Tools.DependencyEmbedder.CurrentDomain_AssemblyResolve: Loading Newtonsoft.Json.dll from embedded resources
2024-07-06 14:10:34.791 +00:00 INFO  XOutput.Tools.LanguageManager..ctor: Brazilian Portuguese language is loaded.
2024-07-06 14:10:34.791 +00:00 INFO  XOutput.Tools.LanguageManager..ctor: English language is loaded.
2024-07-06 14:10:34.791 +00:00 INFO  XOutput.Tools.LanguageManager..ctor: French language is loaded.
2024-07-06 14:10:34.791 +00:00 INFO  XOutput.Tools.LanguageManager..ctor: German language is loaded.
2024-07-06 14:10:34.791 +00:00 INFO  XOutput.Tools.LanguageManager..ctor: Greek language is loaded.
2024-07-06 14:10:34.791 +00:00 INFO  XOutput.Tools.LanguageManager..ctor: Hungarian language is loaded.
2024-07-06 14:10:34.791 +00:00 INFO  XOutput.Tools.LanguageManager..ctor: Russian language is loaded.
2024-07-06 14:10:34.791 +00:00 INFO  XOutput.Tools.LanguageManager..ctor: Simplified Chinese language is loaded.
2024-07-06 14:10:34.791 +00:00 INFO  XOutput.Tools.LanguageManager..ctor: Spanish language is loaded.
2024-07-06 14:10:34.791 +00:00 INFO  XOutput.Tools.LanguageManager.set_Language: Language is set to English
2024-07-06 14:10:34.947 +00:00 INFO  XOutput.UI.Windows.MainWindowViewModel.Initialize: Loading settings was successful.
2024-07-06 14:10:34.947 +00:00 INFO  XOutput.Tools.DependencyEmbedder.CurrentDomain_AssemblyResolve: Loading Nefarius.ViGEm.Client.dll from embedded resources
2024-07-06 14:10:35.056 +00:00 INFO  XOutput.Devices.Input.DirectInput.DirectDevice..ctor:  USB Gamepad           e245a2c0-09c0-11ef-8001-444553540000
2024-07-06 14:10:35.072 +00:00 INFO  XOutput.Devices.Input.DirectInput.DirectDevice..ctor: {
Properties: {
  AutoCenter: Une exception a été levée par la cible d'un appel.
  AxisMode: Absolute
  BufferSize: 128
  ClassGuid: 745a17a0-74d3-11d0-b6fe-00a0c90f57da
  DeadZone: Une exception a été levée par la cible d'un appel.
  ForceFeedbackGain: 10000
  Granularity: Une exception a été levée par la cible d'un appel.
  InstanceName:  USB Gamepad          
  InterfacePath: \\?\hid#vid_0810&pid_0001#6&34de0532&0&0000#{4d1e55b2-f16f-11cf-88cb-001111000030}
  JoystickId: 0
  MemoryLoad: Une exception a été levée par la cible d'un appel.
  PortDisplayName: Une exception a été levée par la cible d'un appel.
  ProductId: 1
  ProductName:  USB Gamepad          
  Range: Une exception a été levée par la cible d'un appel.
  Saturation: Une exception a été levée par la cible d'un appel.
  TypeName: Une exception a été levée par la cible d'un appel.
  UserName: Une exception a été levée par la cible d'un appel.
  VendorId: 2064
}
CreatedEffects: [
]
Capabilities: {
  Type: Joystick
  Subtype: 258
  IsHumanInterfaceDevice: True
  Flags: Attached, Emulated
  AxeCount: 4
  ButtonCount: 12
  PovCount: 1
  ForceFeedbackSamplePeriod: 0
  ForceFeedbackMinimumTimeResolution: 0
  FirmwareRevision: 0
  HardwareRevision: 0
  DriverVersion: 0
}
Information: {
  Type: Joystick
  Subtype: 258
  IsHumanInterfaceDevice: True
  InstanceGuid: e245a2c0-09c0-11ef-8001-444553540000
  ProductGuid: 00010810-0000-0000-0000-504944564944
  InstanceName:  USB Gamepad          
  ProductName:  USB Gamepad          
  ForceFeedbackDriverGuid: 00000000-0000-0000-0000-000000000000
  UsagePage: Generic
  Usage: LedCompose
}
Tag: null
NativePointer: 2309075985816
IsDisposed: False
}
2024-07-06 14:10:35.072 +00:00 INFO  XOutput.Devices.Input.DirectInput.DirectDevice..ctor: [
  ObjectType: a36d02e1-c9f3-11cf-bfc7-444553540000
  Offset: 0
  ObjectId: Flags: AbsoluteAxis InstanceNumber: 1 RawId: 0x00000102
  Aspect: Position
  Name: Axe Y
  MaximumForceFeedback: 0
  ForceFeedbackResolution: 0
  CollectionNumber: 1
  DesignatorIndex: 0
  UsagePage: 1
  Usage: 49
  Dimension: 0
  Exponent: 0
  ReportId: 1
  ,
  ObjectType: a36d02e0-c9f3-11cf-bfc7-444553540000
  Offset: 4
  ObjectId: Flags: AbsoluteAxis InstanceNumber: 0 RawId: 0x00000002
  Aspect: Position
  Name: Axe X
  MaximumForceFeedback: 0
  ForceFeedbackResolution: 0
  CollectionNumber: 1
  DesignatorIndex: 0
  UsagePage: 1
  Usage: 48
  Dimension: 0
  Exponent: 0
  ReportId: 1
  ,
  ObjectType: a36d02e2-c9f3-11cf-bfc7-444553540000
  Offset: 8
  ObjectId: Flags: AbsoluteAxis InstanceNumber: 2 RawId: 0x00000202
  Aspect: Position
  Name: Axe Z
  MaximumForceFeedback: 0
  ForceFeedbackResolution: 0
  CollectionNumber: 1
  DesignatorIndex: 0
  UsagePage: 1
  Usage: 50
  Dimension: 0
  Exponent: 0
  ReportId: 1
  ,
  ObjectType: a36d02e3-c9f3-11cf-bfc7-444553540000
  Offset: 12
  ObjectId: Flags: AbsoluteAxis InstanceNumber: 5 RawId: 0x00000502
  Aspect: Position
  Name: Rotation Z
  MaximumForceFeedback: 0
  ForceFeedbackResolution: 0
  CollectionNumber: 1
  DesignatorIndex: 0
  UsagePage: 1
  Usage: 53
  Dimension: 0
  Exponent: 0
  ReportId: 1
  ,
  ObjectType: a36d02f2-c9f3-11cf-bfc7-444553540000
  Offset: 16
  ObjectId: Flags: PointOfViewController InstanceNumber: 0 RawId: 0x00000010
  Aspect: Position
  Name: Commande de pouce
  MaximumForceFeedback: 0
  ForceFeedbackResolution: 0
  CollectionNumber: 1
  DesignatorIndex: 0
  UsagePage: 1
  Usage: 57
  Dimension: 20
  Exponent: 0
  ReportId: 1
  ,
  ObjectType: a36d02f0-c9f3-11cf-bfc7-444553540000
  Offset: 24
  ObjectId: Flags: PushButton InstanceNumber: 0 RawId: 0x00000004
  Aspect: 0
  Name: Bouton 0
  MaximumForceFeedback: 0
  ForceFeedbackResolution: 0
  CollectionNumber: 1
  DesignatorIndex: 0
  UsagePage: 9
  Usage: 1
  Dimension: 0
  Exponent: 0
  ReportId: 1
  ,
  ObjectType: a36d02f0-c9f3-11cf-bfc7-444553540000
  Offset: 25
  ObjectId: Flags: PushButton InstanceNumber: 1 RawId: 0x00000104
  Aspect: 0
  Name: Bouton 1
  MaximumForceFeedback: 0
  ForceFeedbackResolution: 0
  CollectionNumber: 1
  DesignatorIndex: 0
  UsagePage: 9
  Usage: 2
  Dimension: 0
  Exponent: 0
  ReportId: 1
  ,
  ObjectType: a36d02f0-c9f3-11cf-bfc7-444553540000
  Offset: 26
  ObjectId: Flags: PushButton InstanceNumber: 2 RawId: 0x00000204
  Aspect: 0
  Name: Bouton 2
  MaximumForceFeedback: 0
  ForceFeedbackResolution: 0
  CollectionNumber: 1
  DesignatorIndex: 0
  UsagePage: 9
  Usage: 3
  Dimension: 0
  Exponent: 0
  ReportId: 1
  ,
  ObjectType: a36d02f0-c9f3-11cf-bfc7-444553540000
  Offset: 27
  ObjectId: Flags: PushButton InstanceNumber: 3 RawId: 0x00000304
  Aspect: 0
  Name: Bouton 3
  MaximumForceFeedback: 0
  ForceFeedbackResolution: 0
  CollectionNumber: 1
  DesignatorIndex: 0
  UsagePage: 9
  Usage: 4
  Dimension: 0
  Exponent: 0
  ReportId: 1
  ,
  ObjectType: a36d02f0-c9f3-11cf-bfc7-444553540000
  Offset: 28
  ObjectId: Flags: PushButton InstanceNumber: 4 RawId: 0x00000404
  Aspect: 0
  Name: Bouton 4
  MaximumForceFeedback: 0
  ForceFeedbackResolution: 0
  CollectionNumber: 1
  DesignatorIndex: 0
  UsagePage: 9
  Usage: 5
  Dimension: 0
  Exponent: 0
  ReportId: 1
  ,
  ObjectType: a36d02f0-c9f3-11cf-bfc7-444553540000
  Offset: 29
  ObjectId: Flags: PushButton InstanceNumber: 5 RawId: 0x00000504
  Aspect: 0
  Name: Bouton 5
  MaximumForceFeedback: 0
  ForceFeedbackResolution: 0
  CollectionNumber: 1
  DesignatorIndex: 0
  UsagePage: 9
  Usage: 6
  Dimension: 0
  Exponent: 0
  ReportId: 1
  ,
  ObjectType: a36d02f0-c9f3-11cf-bfc7-444553540000
  Offset: 30
  ObjectId: Flags: PushButton InstanceNumber: 6 RawId: 0x00000604
  Aspect: 0
  Name: Bouton 6
  MaximumForceFeedback: 0
  ForceFeedbackResolution: 0
  CollectionNumber: 1
  DesignatorIndex: 0
  UsagePage: 9
  Usage: 7
  Dimension: 0
  Exponent: 0
  ReportId: 1
  ,
  ObjectType: a36d02f0-c9f3-11cf-bfc7-444553540000
  Offset: 31
  ObjectId: Flags: PushButton InstanceNumber: 7 RawId: 0x00000704
  Aspect: 0
  Name: Bouton 7
  MaximumForceFeedback: 0
  ForceFeedbackResolution: 0
  CollectionNumber: 1
  DesignatorIndex: 0
  UsagePage: 9
  Usage: 8
  Dimension: 0
  Exponent: 0
  ReportId: 1
  ,
  ObjectType: a36d02f0-c9f3-11cf-bfc7-444553540000
  Offset: 32
  ObjectId: Flags: PushButton InstanceNumber: 8 RawId: 0x00000804
  Aspect: 0
  Name: Bouton 8
  MaximumForceFeedback: 0
  ForceFeedbackResolution: 0
  CollectionNumber: 1
  DesignatorIndex: 0
  UsagePage: 9
  Usage: 9
  Dimension: 0
  Exponent: 0
  ReportId: 1
  ,
  ObjectType: a36d02f0-c9f3-11cf-bfc7-444553540000
  Offset: 33
  ObjectId: Flags: PushButton InstanceNumber: 9 RawId: 0x00000904
  Aspect: 0
  Name: Bouton 9
  MaximumForceFeedback: 0
  ForceFeedbackResolution: 0
  CollectionNumber: 1
  DesignatorIndex: 0
  UsagePage: 9
  Usage: 10
  Dimension: 0
  Exponent: 0
  ReportId: 1
  ,
  ObjectType: a36d02f0-c9f3-11cf-bfc7-444553540000
  Offset: 34
  ObjectId: Flags: PushButton InstanceNumber: 10 RawId: 0x00000A04
  Aspect: 0
  Name: Bouton 10
  MaximumForceFeedback: 0
  ForceFeedbackResolution: 0
  CollectionNumber: 1
  DesignatorIndex: 0
  UsagePage: 9
  Usage: 11
  Dimension: 0
  Exponent: 0
  ReportId: 1
  ,
  ObjectType: a36d02f0-c9f3-11cf-bfc7-444553540000
  Offset: 35
  ObjectId: Flags: PushButton InstanceNumber: 11 RawId: 0x00000B04
  Aspect: 0
  Name: Bouton 11
  MaximumForceFeedback: 0
  ForceFeedbackResolution: 0
  CollectionNumber: 1
  DesignatorIndex: 0
  UsagePage: 9
  Usage: 12
  Dimension: 0
  Exponent: 0
  ReportId: 1
  ,
  ObjectType: a36d02f3-c9f3-11cf-bfc7-444553540000
  Offset: 0
  ObjectId: Flags: Collection, NoData InstanceNumber: 0 RawId: 0x000000C0
  Aspect: 0
  Name: Collection 0 - Manette de jeu
  MaximumForceFeedback: 0
  ForceFeedbackResolution: 0
  CollectionNumber: 0
  DesignatorIndex: 0
  UsagePage: 1
  Usage: 4
  Dimension: 0
  Exponent: 0
  ReportId: 0
  ,
  ObjectType: a36d02f3-c9f3-11cf-bfc7-444553540000
  Offset: 0
  ObjectId: Flags: Collection, NoData InstanceNumber: 1 RawId: 0x000001C0
  Aspect: 0
  Name: Collection 1
  MaximumForceFeedback: 0
  ForceFeedbackResolution: 0
  CollectionNumber: 0
  DesignatorIndex: 0
  UsagePage: 1
  Usage: 0
  Dimension: 0
  Exponent: 0
  ReportId: 0
  ,
]
2024-07-06 14:10:35.072 +00:00 INFO  XOutput.Devices.Input.DirectInput.DirectDevice..ctor:   Axe Y Flags: AbsoluteAxis InstanceNumber: 1 RawId: 0x00000102 offset: 0 objecttype: a36d02e1-c9f3-11cf-bfc7-444553540000 49
2024-07-06 14:10:35.072 +00:00 INFO  XOutput.Devices.Input.DirectInput.DirectDevice..ctor:   Axe X Flags: AbsoluteAxis InstanceNumber: 0 RawId: 0x00000002 offset: 4 objecttype: a36d02e0-c9f3-11cf-bfc7-444553540000 48
2024-07-06 14:10:35.072 +00:00 INFO  XOutput.Devices.Input.DirectInput.DirectDevice..ctor:   Axe Z Flags: AbsoluteAxis InstanceNumber: 2 RawId: 0x00000202 offset: 8 objecttype: a36d02e2-c9f3-11cf-bfc7-444553540000 50
2024-07-06 14:10:35.072 +00:00 INFO  XOutput.Devices.Input.DirectInput.DirectDevice..ctor:   Rotation Z Flags: AbsoluteAxis InstanceNumber: 5 RawId: 0x00000502 offset: 12 objecttype: a36d02e3-c9f3-11cf-bfc7-444553540000 53
2024-07-06 14:10:35.072 +00:00 INFO  XOutput.Devices.Input.DirectInput.DirectDevice..ctor:   Commande de pouce Flags: PointOfViewController InstanceNumber: 0 RawId: 0x00000010 offset: 16 objecttype: a36d02f2-c9f3-11cf-bfc7-444553540000 57
2024-07-06 14:10:35.072 +00:00 INFO  XOutput.Devices.Input.DirectInput.DirectDevice..ctor:   Bouton 0 Flags: PushButton InstanceNumber: 0 RawId: 0x00000004 offset: 24 objecttype: a36d02f0-c9f3-11cf-bfc7-444553540000 1
2024-07-06 14:10:35.072 +00:00 INFO  XOutput.Devices.Input.DirectInput.DirectDevice..ctor:   Bouton 1 Flags: PushButton InstanceNumber: 1 RawId: 0x00000104 offset: 25 objecttype: a36d02f0-c9f3-11cf-bfc7-444553540000 2
2024-07-06 14:10:35.072 +00:00 INFO  XOutput.Devices.Input.DirectInput.DirectDevice..ctor:   Bouton 2 Flags: PushButton InstanceNumber: 2 RawId: 0x00000204 offset: 26 objecttype: a36d02f0-c9f3-11cf-bfc7-444553540000 3
2024-07-06 14:10:35.072 +00:00 INFO  XOutput.Devices.Input.DirectInput.DirectDevice..ctor:   Bouton 3 Flags: PushButton InstanceNumber: 3 RawId: 0x00000304 offset: 27 objecttype: a36d02f0-c9f3-11cf-bfc7-444553540000 4
2024-07-06 14:10:35.072 +00:00 INFO  XOutput.Devices.Input.DirectInput.DirectDevice..ctor:   Bouton 4 Flags: PushButton InstanceNumber: 4 RawId: 0x00000404 offset: 28 objecttype: a36d02f0-c9f3-11cf-bfc7-444553540000 5
2024-07-06 14:10:35.072 +00:00 INFO  XOutput.Devices.Input.DirectInput.DirectDevice..ctor:   Bouton 5 Flags: PushButton InstanceNumber: 5 RawId: 0x00000504 offset: 29 objecttype: a36d02f0-c9f3-11cf-bfc7-444553540000 6
2024-07-06 14:10:35.072 +00:00 INFO  XOutput.Devices.Input.DirectInput.DirectDevice..ctor:   Bouton 6 Flags: PushButton InstanceNumber: 6 RawId: 0x00000604 offset: 30 objecttype: a36d02f0-c9f3-11cf-bfc7-444553540000 7
2024-07-06 14:10:35.072 +00:00 INFO  XOutput.Devices.Input.DirectInput.DirectDevice..ctor:   Bouton 7 Flags: PushButton InstanceNumber: 7 RawId: 0x00000704 offset: 31 objecttype: a36d02f0-c9f3-11cf-bfc7-444553540000 8
2024-07-06 14:10:35.072 +00:00 INFO  XOutput.Devices.Input.DirectInput.DirectDevice..ctor:   Bouton 8 Flags: PushButton InstanceNumber: 8 RawId: 0x00000804 offset: 32 objecttype: a36d02f0-c9f3-11cf-bfc7-444553540000 9
2024-07-06 14:10:35.072 +00:00 INFO  XOutput.Devices.Input.DirectInput.DirectDevice..ctor:   Bouton 9 Flags: PushButton InstanceNumber: 9 RawId: 0x00000904 offset: 33 objecttype: a36d02f0-c9f3-11cf-bfc7-444553540000 10
2024-07-06 14:10:35.072 +00:00 INFO  XOutput.Devices.Input.DirectInput.DirectDevice..ctor:   Bouton 10 Flags: PushButton InstanceNumber: 10 RawId: 0x00000A04 offset: 34 objecttype: a36d02f0-c9f3-11cf-bfc7-444553540000 11
2024-07-06 14:10:35.072 +00:00 INFO  XOutput.Devices.Input.DirectInput.DirectDevice..ctor:   Bouton 11 Flags: PushButton InstanceNumber: 11 RawId: 0x00000B04 offset: 35 objecttype: a36d02f0-c9f3-11cf-bfc7-444553540000 12
2024-07-06 14:10:35.072 +00:00 INFO  XOutput.Devices.Input.DirectInput.DirectDevice..ctor:   Collection 0 - Manette de jeu Flags: Collection, NoData InstanceNumber: 0 RawId: 0x000000C0 offset: 0 objecttype: a36d02f3-c9f3-11cf-bfc7-444553540000 4
2024-07-06 14:10:35.072 +00:00 INFO  XOutput.Devices.Input.DirectInput.DirectDevice..ctor:   Collection 1 Flags: Collection, NoData InstanceNumber: 1 RawId: 0x000001C0 offset: 0 objecttype: a36d02f3-c9f3-11cf-bfc7-444553540000 0
2024-07-06 14:10:35.150 +00:00 INFO  XOutput.Devices.GameController.CreateXOutput: ViGEm devices are used.
2024-07-06 14:10:35.197 +00:00 INFO  XOutput.Devices.GameController.Start: Emulation started on Controller.
2024-07-06 14:10:35.212 +00:00 INFO  XOutput.Devices.GameController.Start: Force feedback mapping is connected on Controller.
2024-07-06 14:10:35.212 +00:00 INFO  XOutput.UI.Windows.MainWindowViewModel.AddController: Controller controller is started automatically.
2024-07-06 14:10:35.212 +00:00 INFO  XOutput.UI.Windows.MainWindowViewModel.Initialize: Keyboard controller is connected
2024-07-06 14:10:35.212 +00:00 INFO  XOutput.UI.Windows.MainWindow.Initialize: The application has started.
2024-07-06 14:10:35.857 +00:00 INFO  XOutput.UI.Windows.MainWindowViewModel.VersionCompare: Version is up-to-date
2024-07-06 14:10:37.858 +00:00 INFO  XOutput.Devices.GameController.Stop: Force feedback mapping is disconnected on Controller.
2024-07-06 14:10:37.858 +00:00 INFO  XOutput.Devices.GameController.Stop: Emulation stopped on Controller.
2024-07-06 14:11:58.952 +00:00 INFO  XOutput.Devices.GameController.Start: Emulation started on Controller.
2024-07-06 14:11:58.952 +00:00 INFO  XOutput.Devices.GameController.Start: Force feedback mapping is connected on Controller.
2024-07-06 14:12:00.854 +00:00 INFO  XOutput.UI.Windows.MainWindowViewModel.SaveSettings: Saving settings was successful.
2024-07-06 14:12:02.009 +00:00 INFO  XOutput.UI.Windows.MainWindowViewModel.SaveSettings: Saving settings was successful.
2024-07-07 00:11:33.424 +00:00 INFO  XOutput.Devices.GameController.Stop: Force feedback mapping is disconnected on Controller.
2024-07-07 00:11:33.429 +00:00 INFO  XOutput.Devices.GameController.Stop: Emulation stopped on Controller.
2024-07-07 00:11:33.477 +00:00 INFO  XOutput.UI.Windows.MainWindow.WindowClosed: The application will exit.
